#-----------------------------------------------------------
# Vivado v2018.2 (64-bit)
# SW Build 2258646 on Thu Jun 14 20:03:12 MDT 2018
# IP Build 2256618 on Thu Jun 14 22:10:49 MDT 2018
# Start of session at: Sun Apr 10 18:45:26 2022
# Process ID: 18856
# Current directory: D:/FPGA/hack
# Command line: vivado.exe -gui_launcher_event rodinguilauncherevent24572 D:\FPGA\hack\hack.xpr
# Log file: D:/FPGA/hack/vivado.log
# Journal file: D:/FPGA/hack\vivado.jou
#-----------------------------------------------------------
start_gui
open_project D:/FPGA/hack/hack.xpr
Scanning sources...
Finished scanning sources
INFO: [IP_Flow 19-234] Refreshing IP repositories
INFO: [IP_Flow 19-1704] No user IP repositories specified
INFO: [IP_Flow 19-2313] Loaded Vivado IP repository 'D:/Xilinx/Vivado/2018.2/data/ip'.
open_project: Time (s): cpu = 00:00:13 ; elapsed = 00:00:18 . Memory (MB): peak = 772.910 ; gain = 82.246
update_compile_order -fileset sources_1
exit
INFO: [Common 17-206] Exiting Vivado at Sun Apr 10 18:47:11 2022...
